#
# There is insufficient memory for the Java Runtime Environment to continue.
# Native memory allocation (malloc) failed to allocate 1013856 bytes for Chunk::new
# Possible reasons:
#   The system is out of physical RAM or swap space
#   The process is running with CompressedOops enabled, and the Java Heap may be blocking the growth of the native heap
# Possible solutions:
#   Reduce memory load on the system
#   Increase physical memory or swap space
#   Check if swap backing store is full
#   Decrease Java heap size (-Xmx/-Xms)
#   Decrease number of Java threads
#   Decrease Java thread stack sizes (-Xss)
#   Set larger code cache with -XX:ReservedCodeCacheSize=
#   JVM is running with Unscaled Compressed Oops mode in which the Java heap is
#     placed in the first 4GB address space. The Java Heap base address is the
#     maximum limit for the native heap growth. Please use -XX:HeapBaseMinAddress
#     to set the Java Heap base and to place the Java Heap above 4GB virtual address.
# This output file may be truncated or incomplete.
#
#  Out of Memory Error (allocation.cpp:389), pid=9988, tid=0x0000000000000edc
#
# JRE version: OpenJDK Runtime Environment (8.0_212-b04) (build 1.8.0_212-release-1586-b04)
# Java VM: OpenJDK 64-Bit Server VM (25.212-b04 mixed mode windows-amd64 compressed oops)
# Failed to write core dump. Minidumps are not enabled by default on client versions of Windows
#

---------------  T H R E A D  ---------------

Current thread (0x0000000016696800):  JavaThread "C2 CompilerThread1" daemon [_thread_in_native, id=3804, stack(0x0000000017dc0000,0x0000000017ec0000)]

Stack: [0x0000000017dc0000,0x0000000017ec0000]
[error occurred during error reporting (printing stack bounds), id 0xc0000005]

Native frames: (J=compiled Java code, j=interpreted, Vv=VM code, C=native code)


Current CompileTask:
C2:3888318 23081 %     4       com.android.tools.r8.u.c.M::a @ 153 (3068 bytes)


---------------  P R O C E S S  ---------------

Java Threads: ( => current thread )
  0x000000001c4f5800 JavaThread "WorkerExecutor Queue Thread 5" [_thread_blocked, id=7840, stack(0x0000000030e30000,0x0000000030f30000)]
  0x000000001c4f3800 JavaThread "WorkerExecutor Queue Thread 4" [_thread_blocked, id=8460, stack(0x000000002c940000,0x000000002ca40000)]
  0x000000001c4f2800 JavaThread "Cache worker for Java compile cache (D:\AndroidStudioProjects\WheatherApp\.gradle\5.6.4\javaCompile)" [_thread_blocked, id=6740, stack(0x000000002b440000,0x000000002b540000)]
  0x000000001c4f8000 JavaThread "RMI TCP Connection(31)-127.0.0.1" daemon [_thread_in_native, id=6932, stack(0x000000002b340000,0x000000002b440000)]
  0x000000001ffe9000 JavaThread "RMI TCP Connection(30)-127.0.0.1" daemon [_thread_in_native, id=228, stack(0x000000002b240000,0x000000002b340000)]
  0x000000001ffe1800 JavaThread "RMI TCP Connection(29)-127.0.0.1" daemon [_thread_in_native, id=4760, stack(0x000000002b140000,0x000000002b240000)]
  0x000000001ffe8000 JavaThread "RMI RenewClean-[127.0.0.1:17411,org.jetbrains.kotlin.daemon.common.LoopbackNetworkInterface$ClientLoopbackSocketFactory@73ce0198]" daemon [_thread_blocked, id=4412, stack(0x000000002b040000,0x000000002b140000)]
  0x000000001ffe0800 JavaThread "WorkerExecutor Queue Thread 3" [_thread_in_vm, id=10168, stack(0x000000002af40000,0x000000002b040000)]
  0x000000001ffe6000 JavaThread "stdout" [_thread_in_native, id=7596, stack(0x000000002ae40000,0x000000002af40000)]
  0x000000001ffe0000 JavaThread "stderr" [_thread_in_native, id=5392, stack(0x000000002ad40000,0x000000002ae40000)]
  0x000000001ffde800 JavaThread "WorkerExecutor Queue Thread 2" [_thread_in_native, id=8944, stack(0x000000002ac40000,0x000000002ad40000)]
  0x000000001ffdd800 JavaThread "stdout" [_thread_in_native, id=9428, stack(0x000000002ab40000,0x000000002ac40000)]
  0x000000001ffdd000 JavaThread "stderr" [_thread_in_native, id=6272, stack(0x000000002aa40000,0x000000002ab40000)]
  0x000000001ffdf000 JavaThread "pool-36-thread-1" [_thread_blocked, id=5176, stack(0x000000002a940000,0x000000002aa40000)]
  0x000000001ffdc000 JavaThread "WorkerExecutor Queue" [_thread_blocked, id=6148, stack(0x000000002a240000,0x000000002a340000)]
  0x0000000020ac1000 JavaThread "Cache worker for execution history cache (D:\AndroidStudioProjects\WheatherApp\.gradle\5.6.4\executionHistory)" [_thread_blocked, id=8880, stack(0x000000002a140000,0x000000002a240000)]
  0x0000000020abe000 JavaThread "Execution worker for ':' Thread 3" [_thread_blocked, id=2756, stack(0x000000002a040000,0x000000002a140000)]
  0x0000000020ac4800 JavaThread "Execution worker for ':' Thread 2" [_thread_blocked, id=5864, stack(0x00000000264b0000,0x00000000265b0000)]
  0x0000000020abf800 JavaThread "Execution worker for ':'" [_thread_blocked, id=2684, stack(0x00000000260b0000,0x00000000261b0000)]
  0x0000000020ab7000 JavaThread "Cache worker for file content cache (D:\AndroidStudioProjects\WheatherApp\.gradle\5.6.4\fileContent)" [_thread_blocked, id=4272, stack(0x00000000259b0000,0x0000000025ab0000)]
  0x0000000020ab6800 JavaThread "Cache worker for Build Output Cleanup Cache (D:\AndroidStudioProjects\WheatherApp\.gradle\buildOutputCleanup)" [_thread_blocked, id=3984, stack(0x0000000025070000,0x0000000025170000)]
  0x0000000020abd000 JavaThread "Build operations Thread 4" [_thread_blocked, id=3564, stack(0x0000000022660000,0x0000000022760000)]
  0x0000000020abc800 JavaThread "Build operations Thread 3" [_thread_blocked, id=1580, stack(0x0000000022160000,0x0000000022260000)]
  0x0000000020abb800 JavaThread "Build operations Thread 2" [_thread_blocked, id=7520, stack(0x0000000022060000,0x0000000022160000)]
  0x0000000020aba000 JavaThread "Build operations" [_thread_blocked, id=6412, stack(0x000000001eff0000,0x000000001f0f0000)]
  0x0000000020ab9800 JavaThread "Cache worker for cache directory md-rule (C:\Users\Azimus\.gradle\caches\5.6.4\md-rule)" [_thread_blocked, id=9864, stack(0x000000001eef0000,0x000000001eff0000)]
  0x0000000020ab8000 JavaThread "Cache worker for cache directory md-supplier (C:\Users\Azimus\.gradle\caches\5.6.4\md-supplier)" [_thread_blocked, id=700, stack(0x000000001d4c0000,0x000000001d5c0000)]
  0x0000000020abb000 JavaThread "Cache worker for file hash cache (D:\AndroidStudioProjects\WheatherApp\.gradle\5.6.4\fileHashes)" [_thread_blocked, id=6560, stack(0x000000001bef0000,0x000000001bff0000)]
  0x0000000018775000 JavaThread "Thread-341" [_thread_blocked, id=2656, stack(0x000000001bdf0000,0x000000001bef0000)]
  0x0000000018778800 JavaThread "Stdin handler" [_thread_blocked, id=908, stack(0x000000001bcf0000,0x000000001bdf0000)]
  0x000000001877a000 JavaThread "Asynchronous log dispatcher for DefaultDaemonConnection: socket connection from /127.0.0.1:52668 to /127.0.0.1:52262" [_thread_blocked, id=8384, stack(0x000000001bbf0000,0x000000001bcf0000)]
  0x0000000018774000 JavaThread "Daemon worker Thread 11" [_thread_blocked, id=5844, stack(0x000000001baf0000,0x000000001bbf0000)]
  0x0000000018775800 JavaThread "Cancel handler" [_thread_blocked, id=7924, stack(0x000000001b7f0000,0x000000001b8f0000)]
  0x0000000018778000 JavaThread "Handler for socket connection from /127.0.0.1:52668 to /127.0.0.1:52262" [_thread_in_native, id=2696, stack(0x000000001b6f0000,0x000000001b7f0000)]
  0x0000000018779800 JavaThread "Daemon Thread 11" [_thread_blocked, id=8464, stack(0x0000000001350000,0x0000000001450000)]
  0x0000000020ac0000 JavaThread "RMI RenewClean-[127.0.0.1:17411,org.jetbrains.kotlin.daemon.common.LoopbackNetworkInterface$ClientLoopbackSocketFactory@10e7b12a]" daemon [_thread_blocked, id=996, stack(0x0000000000f80000,0x0000000001080000)]
  0x0000000018776800 JavaThread "Cache worker for Java compile cache (C:\Users\Azimus\.gradle\caches\5.6.4\javaCompile)" [_thread_blocked, id=5160, stack(0x0000000029d40000,0x0000000029e40000)]
  0x000000001c4fe800 JavaThread "RMI Reaper" [_thread_blocked, id=5028, stack(0x0000000029a40000,0x0000000029b40000)]
  0x000000001c4fc800 JavaThread "RMI TCP Accept-0" daemon [_thread_in_native, id=5916, stack(0x0000000028870000,0x0000000028970000)]
  0x000000001c4f7000 JavaThread "GC Daemon" daemon [_thread_blocked, id=2932, stack(0x00000000265b0000,0x00000000266b0000)]
  0x000000001c4fb000 JavaThread "RMI Scheduler(0)" daemon [_thread_blocked, id=4108, stack(0x00000000263b0000,0x00000000264b0000)]
  0x0000000019e3b800 JavaThread "Cache worker for file content cache (C:\Users\Azimus\.gradle\caches\5.6.4\fileContent)" [_thread_blocked, id=5584, stack(0x00000000232d0000,0x00000000233d0000)]
  0x000000001c4f2000 JavaThread "Memory manager" [_thread_blocked, id=5520, stack(0x0000000022b60000,0x0000000022c60000)]
  0x000000001c4f0800 JavaThread "Cache worker for execution history cache (C:\Users\Azimus\.gradle\caches\5.6.4\executionHistory)" [_thread_blocked, id=3864, stack(0x000000001ebf0000,0x000000001ecf0000)]
  0x0000000019e3a000 JavaThread "Cache worker for journal cache (C:\Users\Azimus\.gradle\caches\journal-1)" [_thread_blocked, id=6588, stack(0x000000001c1f0000,0x000000001c2f0000)]
  0x0000000019e39000 JavaThread "File lock request listener" [_thread_in_native, id=5264, stack(0x000000001c0f0000,0x000000001c1f0000)]
  0x0000000019e3c000 JavaThread "Cache worker for file hash cache (C:\Users\Azimus\.gradle\caches\5.6.4\fileHashes)" [_thread_blocked, id=6544, stack(0x000000001bff0000,0x000000001c0f0000)]
  0x0000000019ed3800 JavaThread "Daemon periodic checks" [_thread_blocked, id=6488, stack(0x000000001b5f0000,0x000000001b6f0000)]
  0x0000000019ec0000 JavaThread "Incoming local TCP Connector on port 52668" [_thread_in_native, id=2900, stack(0x000000001b3a0000,0x000000001b4a0000)]
  0x0000000019e80800 JavaThread "Daemon health stats" [_thread_blocked, id=3924, stack(0x000000001ad60000,0x000000001ae60000)]
  0x0000000017ec5000 JavaThread "Service Thread" daemon [_thread_blocked, id=3244, stack(0x00000000183c0000,0x00000000184c0000)]
  0x0000000017ec1000 JavaThread "C1 CompilerThread2" daemon [_thread_blocked, id=4104, stack(0x00000000182c0000,0x00000000183c0000)]
=>0x0000000016696800 JavaThread "C2 CompilerThread1" daemon [_thread_in_native, id=3804, stack(0x0000000017dc0000,0x0000000017ec0000)]
  0x0000000016641800 JavaThread "C2 CompilerThread0" daemon [_thread_in_native, id=8772, stack(0x0000000017cc0000,0x0000000017dc0000)]
  0x0000000016640000 JavaThread "Attach Listener" daemon [_thread_blocked, id=4984, stack(0x0000000017bc0000,0x0000000017cc0000)]
  0x0000000016646800 JavaThread "Signal Dispatcher" daemon [_thread_blocked, id=5816, stack(0x0000000017ac0000,0x0000000017bc0000)]
  0x0000000002ccb800 JavaThread "Finalizer" daemon [_thread_blocked, id=6496, stack(0x00000000178b0000,0x00000000179b0000)]
  0x0000000002cc1800 JavaThread "Reference Handler" daemon [_thread_blocked, id=1668, stack(0x00000000177b0000,0x00000000178b0000)]
  0x000000000109d800 JavaThread "main" [_thread_blocked, id=5244, stack(0x0000000002ad0000,0x0000000002bd0000)]

Other Threads:
  0x0000000016605800 VMThread [stack: 0x00000000176b0000,0x00000000177b0000] [id=4236]
  0x0000000017ec7800 WatcherThread [stack: 0x00000000184c0000,0x00000000185c0000] [id=3084]

VM state:not at safepoint (normal execution)

VM Mutex/Monitor currently owned by a thread: None

heap address: 0x00000000a0000000, size: 1536 MB, Compressed Oops mode: 32-bit
Narrow klass base: 0x0000000000000000, Narrow klass shift: 3
Compressed class space size: 1073741824 Address: 0x0000000100000000

Heap:
 PSYoungGen      total 488960K, used 343306K [0x00000000e0000000, 0x0000000100000000, 0x0000000100000000)
  eden space 454656K, 70% used [0x00000000e0000000,0x00000000f393b800,0x00000000fbc00000)
  from space 34304K, 65% used [0x00000000fde80000,0x00000000ff4871a0,0x0000000100000000)
  to   space 34816K, 0% used [0x00000000fbc00000,0x00000000fbc00000,0x00000000fde00000)
 ParOldGen       total 155648K, used 71217K [0x00000000a0000000, 0x00000000a9800000, 0x00000000e0000000)
  object space 155648K, 45% used [0x00000000a0000000,0x00000000a458c5d8,0x00000000a9800000)
 Metaspace       used 104360K, capacity 110426K, committed 110720K, reserved 1144832K
  class space    used 13454K, capacity 14627K, committed 14720K, reserved 1048576K

Card table byte_map: [0x0000000012090000,0x00000000123a0000] byte_map_base: 0x0000000011b90000

Marking Bits: (ParMarkBitMap*) 0x0000000063fb9f30
 Begin Bits: [0x00000000129a0000, 0x00000000141a0000)
 End Bits:   [0x00000000141a0000, 0x00000000159a0000)

Polling page: 0x0000000001080000

CodeCache: size=245760Kb used=63237Kb max_used=63263Kb free=182522Kb
 bounds [0x0000000002cd0000, 0x0000000006af0000, 0x0000000011cd0000]
 total_blobs=19139 nmethods=18208 adapters=841
 compilation: enabled

Compilation events (10 events):
Event: 3887.866 Thread 0x0000000017ec1000 23109       2       com.android.tools.r8.u.b.K::d (27 bytes)
Event: 3887.867 Thread 0x0000000017ec1000 nmethod 23109 0x0000000006ad4a50 code [0x0000000006ad4bc0, 0x0000000006ad4d90]
Event: 3887.881 Thread 0x0000000017ec1000 23110  s    2       java.util.Stack::pop (19 bytes)
Event: 3887.882 Thread 0x0000000017ec1000 nmethod 23110 0x0000000006ae17d0 code [0x0000000006ae1980, 0x0000000006ae21e8]
Event: 3887.887 Thread 0x0000000016696800 nmethod 23031 0x0000000006ae2590 code [0x0000000006ae2920, 0x0000000006ae7250]
Event: 3887.887 Thread 0x0000000016696800 23081 %     4       com.android.tools.r8.u.c.M::a @ 153 (3068 bytes)
Event: 3887.947 Thread 0x0000000017ec1000 23111       1       com.android.tools.r8.u.c.z::a (1 bytes)
Event: 3887.947 Thread 0x0000000017ec1000 nmethod 23111 0x0000000006ad4790 code [0x0000000006ad48e0, 0x0000000006ad49f0]
Event: 3888.117 Thread 0x0000000017ec1000 23112       2       java.util.TimSort::sort (229 bytes)
Event: 3888.119 Thread 0x0000000017ec1000 nmethod 23112 0x0000000006ad3c50 code [0x0000000006ad3e20, 0x0000000006ad42d8]

GC Heap History (10 events):
Event: 1853.081 GC heap before
{Heap before GC invocations=20 (full 4):
 PSYoungGen      total 414720K, used 382464K [0x00000000e0000000, 0x00000000ff600000, 0x0000000100000000)
  eden space 382464K, 100% used [0x00000000e0000000,0x00000000f7580000,0x00000000f7580000)
  from space 32256K, 0% used [0x00000000f7580000,0x00000000f7580000,0x00000000f9500000)
  to   space 33792K, 0% used [0x00000000fd500000,0x00000000fd500000,0x00000000ff600000)
 ParOldGen       total 155648K, used 71177K [0x00000000a0000000, 0x00000000a9800000, 0x00000000e0000000)
  object space 155648K, 45% used [0x00000000a0000000,0x00000000a45825d8,0x00000000a9800000)
 Metaspace       used 95570K, capacity 100646K, committed 100736K, reserved 1136640K
  class space    used 12635K, capacity 13613K, committed 13696K, reserved 1048576K
Event: 1853.114 GC heap after
Heap after GC invocations=20 (full 4):
 PSYoungGen      total 478208K, used 8930K [0x00000000e0000000, 0x00000000ff400000, 0x0000000100000000)
  eden space 446464K, 0% used [0x00000000e0000000,0x00000000e0000000,0x00000000fb400000)
  from space 31744K, 28% used [0x00000000fd500000,0x00000000fddb88e0,0x00000000ff400000)
  to   space 32768K, 0% used [0x00000000fb400000,0x00000000fb400000,0x00000000fd400000)
 ParOldGen       total 155648K, used 71185K [0x00000000a0000000, 0x00000000a9800000, 0x00000000e0000000)
  object space 155648K, 45% used [0x00000000a0000000,0x00000000a45845d8,0x00000000a9800000)
 Metaspace       used 95570K, capacity 100646K, committed 100736K, reserved 1136640K
  class space    used 12635K, capacity 13613K, committed 13696K, reserved 1048576K
}
Event: 2205.726 GC heap before
{Heap before GC invocations=21 (full 4):
 PSYoungGen      total 478208K, used 455394K [0x00000000e0000000, 0x00000000ff400000, 0x0000000100000000)
  eden space 446464K, 100% used [0x00000000e0000000,0x00000000fb400000,0x00000000fb400000)
  from space 31744K, 28% used [0x00000000fd500000,0x00000000fddb88e0,0x00000000ff400000)
  to   space 32768K, 0% used [0x00000000fb400000,0x00000000fb400000,0x00000000fd400000)
 ParOldGen       total 155648K, used 71185K [0x00000000a0000000, 0x00000000a9800000, 0x00000000e0000000)
  object space 155648K, 45% used [0x00000000a0000000,0x00000000a45845d8,0x00000000a9800000)
 Metaspace       used 102379K, capacity 107924K, committed 108288K, reserved 1142784K
  class space    used 13367K, capacity 14478K, committed 14592K, reserved 1048576K
Event: 2205.764 GC heap after
Heap after GC invocations=21 (full 4):
 PSYoungGen      total 479232K, used 16363K [0x00000000e0000000, 0x00000000fff00000, 0x0000000100000000)
  eden space 446464K, 0% used [0x00000000e0000000,0x00000000e0000000,0x00000000fb400000)
  from space 32768K, 49% used [0x00000000fb400000,0x00000000fc3faef0,0x00000000fd400000)
  to   space 31744K, 0% used [0x00000000fe000000,0x00000000fe000000,0x00000000fff00000)
 ParOldGen       total 155648K, used 71193K [0x00000000a0000000, 0x00000000a9800000, 0x00000000e0000000)
  object space 155648K, 45% used [0x00000000a0000000,0x00000000a45865d8,0x00000000a9800000)
 Metaspace       used 102379K, capacity 107924K, committed 108288K, reserved 1142784K
  class space    used 13367K, capacity 14478K, committed 14592K, reserved 1048576K
}
Event: 3289.993 GC heap before
{Heap before GC invocations=22 (full 4):
 PSYoungGen      total 479232K, used 462827K [0x00000000e0000000, 0x00000000fff00000, 0x0000000100000000)
  eden space 446464K, 100% used [0x00000000e0000000,0x00000000fb400000,0x00000000fb400000)
  from space 32768K, 49% used [0x00000000fb400000,0x00000000fc3faef0,0x00000000fd400000)
  to   space 31744K, 0% used [0x00000000fe000000,0x00000000fe000000,0x00000000fff00000)
 ParOldGen       total 155648K, used 71193K [0x00000000a0000000, 0x00000000a9800000, 0x00000000e0000000)
  object space 155648K, 45% used [0x00000000a0000000,0x00000000a45865d8,0x00000000a9800000)
 Metaspace       used 102980K, capacity 109002K, committed 109184K, reserved 1144832K
  class space    used 13434K, capacity 14601K, committed 14720K, reserved 1048576K
Event: 3290.038 GC heap after
Heap after GC invocations=22 (full 4):
 PSYoungGen      total 488448K, used 14289K [0x00000000e0000000, 0x00000000ffc00000, 0x0000000100000000)
  eden space 459776K, 0% used [0x00000000e0000000,0x00000000e0000000,0x00000000fc100000)
  from space 28672K, 49% used [0x00000000fe000000,0x00000000fedf4558,0x00000000ffc00000)
  to   space 30208K, 0% used [0x00000000fc100000,0x00000000fc100000,0x00000000fde80000)
 ParOldGen       total 155648K, used 71201K [0x00000000a0000000, 0x00000000a9800000, 0x00000000e0000000)
  object space 155648K, 45% used [0x00000000a0000000,0x00000000a45885d8,0x00000000a9800000)
 Metaspace       used 102980K, capacity 109002K, committed 109184K, reserved 1144832K
  class space    used 13434K, capacity 14601K, committed 14720K, reserved 1048576K
}
Event: 3338.691 GC heap before
{Heap before GC invocations=23 (full 4):
 PSYoungGen      total 488448K, used 474065K [0x00000000e0000000, 0x00000000ffc00000, 0x0000000100000000)
  eden space 459776K, 100% used [0x00000000e0000000,0x00000000fc100000,0x00000000fc100000)
  from space 28672K, 49% used [0x00000000fe000000,0x00000000fedf4558,0x00000000ffc00000)
  to   space 30208K, 0% used [0x00000000fc100000,0x00000000fc100000,0x00000000fde80000)
 ParOldGen       total 155648K, used 71201K [0x00000000a0000000, 0x00000000a9800000, 0x00000000e0000000)
  object space 155648K, 45% used [0x00000000a0000000,0x00000000a45885d8,0x00000000a9800000)
 Metaspace       used 103802K, capacity 109912K, committed 110208K, reserved 1144832K
  class space    used 13439K, capacity 14608K, committed 14720K, reserved 1048576K
Event: 3338.753 GC heap after
Heap after GC invocations=23 (full 4):
 PSYoungGen      total 489984K, used 29299K [0x00000000e0000000, 0x0000000100000000, 0x0000000100000000)
  eden space 459776K, 0% used [0x00000000e0000000,0x00000000e0000000,0x00000000fc100000)
  from space 30208K, 96% used [0x00000000fc100000,0x00000000fdd9cd48,0x00000000fde80000)
  to   space 34304K, 0% used [0x00000000fde80000,0x00000000fde80000,0x0000000100000000)
 ParOldGen       total 155648K, used 71209K [0x00000000a0000000, 0x00000000a9800000, 0x00000000e0000000)
  object space 155648K, 45% used [0x00000000a0000000,0x00000000a458a5d8,0x00000000a9800000)
 Metaspace       used 103802K, capacity 109912K, committed 110208K, reserved 1144832K
  class space    used 13439K, capacity 14608K, committed 14720K, reserved 1048576K
}
Event: 3729.260 GC heap before
{Heap before GC invocations=24 (full 4):
 PSYoungGen      total 489984K, used 489069K [0x00000000e0000000, 0x0000000100000000, 0x0000000100000000)
  eden space 459776K, 99% used [0x00000000e0000000,0x00000000fc0fea68,0x00000000fc100000)
  from space 30208K, 96% used [0x00000000fc100000,0x00000000fdd9cd48,0x00000000fde80000)
  to   space 34304K, 0% used [0x00000000fde80000,0x00000000fde80000,0x0000000100000000)
 ParOldGen       total 155648K, used 71209K [0x00000000a0000000, 0x00000000a9800000, 0x00000000e0000000)
  object space 155648K, 45% used [0x00000000a0000000,0x00000000a458a5d8,0x00000000a9800000)
 Metaspace       used 104111K, capacity 110202K, committed 110464K, reserved 1144832K
  class space    used 13442K, capacity 14611K, committed 14720K, reserved 1048576K
Event: 3729.312 GC heap after
Heap after GC invocations=24 (full 4):
 PSYoungGen      total 488960K, used 22556K [0x00000000e0000000, 0x0000000100000000, 0x0000000100000000)
  eden space 454656K, 0% used [0x00000000e0000000,0x00000000e0000000,0x00000000fbc00000)
  from space 34304K, 65% used [0x00000000fde80000,0x00000000ff4871a0,0x0000000100000000)
  to   space 34816K, 0% used [0x00000000fbc00000,0x00000000fbc00000,0x00000000fde00000)
 ParOldGen       total 155648K, used 71217K [0x00000000a0000000, 0x00000000a9800000, 0x00000000e0000000)
  object space 155648K, 45% used [0x00000000a0000000,0x00000000a458c5d8,0x00000000a9800000)
 Metaspace       used 104111K, capacity 110202K, committed 110464K, reserved 1144832K
  class space    used 13442K, capacity 14611K, committed 14720K, reserved 1048576K
}

Deoptimization events (10 events):
Event: 3887.421 Thread 0x0000000018774000 Uncommon trap: reason=array_check action=maybe_recompile pc=0x000000000669f2e4 method=java.util.ComparableTimSort.mergeLo(IIII)V @ 240
Event: 3887.422 Thread 0x0000000018774000 Uncommon trap: reason=array_check action=maybe_recompile pc=0x0000000006891cf8 method=java.util.ComparableTimSort.mergeHi(IIII)V @ 245
Event: 3887.422 Thread 0x0000000018774000 Uncommon trap: reason=array_check action=maybe_recompile pc=0x000000000669f2e4 method=java.util.ComparableTimSort.mergeLo(IIII)V @ 240
Event: 3887.441 Thread 0x0000000018774000 Uncommon trap: reason=array_check action=maybe_recompile pc=0x0000000006aa984c method=java.util.ComparableTimSort.reverseRange([Ljava/lang/Object;II)V @ 20
Event: 3888.115 Thread 0x000000001ffde800 Uncommon trap: reason=array_check action=maybe_recompile pc=0x00000000068f006c method=java.util.TimSort.mergeLo(IIII)V @ 245
Event: 3888.115 Thread 0x000000001ffde800 Uncommon trap: reason=unstable_if action=reinterpret pc=0x0000000005a1d86c method=java.util.TimSort.mergeCollapse()V @ 61
Event: 3888.115 Thread 0x000000001ffde800 Uncommon trap: reason=array_check action=maybe_recompile pc=0x00000000069110e4 method=java.util.TimSort.mergeHi(IIII)V @ 282
Event: 3888.116 Thread 0x000000001ffde800 Uncommon trap: reason=array_check action=maybe_recompile pc=0x0000000006911660 method=java.util.TimSort.mergeHi(IIII)V @ 171
Event: 3888.116 Thread 0x000000001ffde800 Uncommon trap: reason=array_check action=maybe_recompile pc=0x00000000069110e4 method=java.util.TimSort.mergeHi(IIII)V @ 282
Event: 3888.116 Thread 0x000000001ffde800 Uncommon trap: reason=array_check action=maybe_recompile pc=0x00000000068f006c method=java.util.TimSort.mergeLo(IIII)V @ 245

Classes redefined (0 events):
No events

Internal exceptions (10 events):
Event: 3670.142 Thread 0x0000000020abc800 Exception <a 'sun/nio/fs/WindowsException'> (0x00000000f2a399f8) thrown at [D:\src\AOSP-openjdk-cygwin\jdk8u\hotspot\src\share\vm\prims\jni.cpp, line 710]
Event: 3729.232 Thread 0x0000000020aba000 Exception <a 'sun/nio/fs/WindowsException'> (0x00000000fbd43d68) thrown at [D:\src\AOSP-openjdk-cygwin\jdk8u\hotspot\src\share\vm\prims\jni.cpp, line 710]
Event: 3729.233 Thread 0x0000000020aba000 Exception <a 'sun/nio/fs/WindowsException'> (0x00000000fbd44210) thrown at [D:\src\AOSP-openjdk-cygwin\jdk8u\hotspot\src\share\vm\prims\jni.cpp, line 710]
Event: 3729.513 Thread 0x0000000020ac0000 Exception <a 'java/lang/InterruptedException'> (0x00000000e1471208) thrown at [D:\src\AOSP-openjdk-cygwin\jdk8u\hotspot\src\share\vm\runtime\objectMonitor.cpp, line 1680]
Event: 3729.764 Thread 0x0000000020abc800 Exception <a 'sun/nio/fs/WindowsException'> (0x00000000e1edebe0) thrown at [D:\src\AOSP-openjdk-cygwin\jdk8u\hotspot\src\share\vm\prims\jni.cpp, line 710]
Event: 3880.979 Thread 0x0000000018774000 Implicit null exception at 0x0000000005c0e1e4 to 0x0000000005c0e815
Event: 3885.463 Thread 0x000000001ffdc000 Exception <a 'sun/nio/fs/WindowsException'> (0x00000000ecd3fb08) thrown at [D:\src\AOSP-openjdk-cygwin\jdk8u\hotspot\src\share\vm\prims\jni.cpp, line 710]
Event: 3885.463 Thread 0x000000001ffdc000 Exception <a 'sun/nio/fs/WindowsException'> (0x00000000ecd3ffb0) thrown at [D:\src\AOSP-openjdk-cygwin\jdk8u\hotspot\src\share\vm\prims\jni.cpp, line 710]
Event: 3885.715 Thread 0x000000001ffe8000 Exception <a 'java/lang/InterruptedException'> (0x00000000ee501cb0) thrown at [D:\src\AOSP-openjdk-cygwin\jdk8u\hotspot\src\share\vm\runtime\objectMonitor.cpp, line 1680]
Event: 3887.324 Thread 0x0000000018774000 Implicit null exception at 0x00000000037cd820 to 0x00000000037cda5d

Events (10 events):
Event: 3888.115 Thread 0x000000001ffde800 DEOPT UNPACKING pc=0x0000000002d1557b sp=0x000000002ad3d700 mode 2
Event: 3888.116 Thread 0x000000001ffde800 Uncommon trap: trap_request=0xffffffd6 fr.pc=0x0000000006911660
Event: 3888.116 Thread 0x000000001ffde800 DEOPT PACKING pc=0x0000000006911660 sp=0x000000002ad3d720
Event: 3888.116 Thread 0x000000001ffde800 DEOPT UNPACKING pc=0x0000000002d1557b sp=0x000000002ad3d700 mode 2
Event: 3888.116 Thread 0x000000001ffde800 Uncommon trap: trap_request=0xffffffd6 fr.pc=0x00000000069110e4
Event: 3888.116 Thread 0x000000001ffde800 DEOPT PACKING pc=0x00000000069110e4 sp=0x000000002ad3d720
Event: 3888.116 Thread 0x000000001ffde800 DEOPT UNPACKING pc=0x0000000002d1557b sp=0x000000002ad3d700 mode 2
Event: 3888.116 Thread 0x000000001ffde800 Uncommon trap: trap_request=0xffffffd6 fr.pc=0x00000000068f006c
Event: 3888.116 Thread 0x000000001ffde800 DEOPT PACKING pc=0x00000000068f006c sp=0x000000002ad3d720
Event: 3888.116 Thread 0x000000001ffde800 DEOPT UNPACKING pc=0x0000000002d1557b sp=0x000000002ad3d708 mode 2


Dynamic libraries:
0x00007ff6a8a50000 - 0x00007ff6a8a81000 	C:\Program Files\Android\Android Studio\jre\bin\java.exe
0x00007ff8ec3e0000 - 0x00007ff8ec5d0000 	C:\WINDOWS\SYSTEM32\ntdll.dll
0x00007ff8eaf30000 - 0x00007ff8eafe2000 	C:\WINDOWS\System32\KERNEL32.DLL
0x00007ff8e9510000 - 0x00007ff8e97b3000 	C:\WINDOWS\System32\KERNELBASE.dll
0x00007ff8ec0f0000 - 0x00007ff8ec193000 	C:\WINDOWS\System32\ADVAPI32.dll
0x00007ff8ec1a0000 - 0x00007ff8ec23e000 	C:\WINDOWS\System32\msvcrt.dll
0x00007ff8ec2f0000 - 0x00007ff8ec387000 	C:\WINDOWS\System32\sechost.dll
0x00007ff8eb660000 - 0x00007ff8eb780000 	C:\WINDOWS\System32\RPCRT4.dll
0x00007ff8eba10000 - 0x00007ff8ebba4000 	C:\WINDOWS\System32\USER32.dll
0x00007ff8e97c0000 - 0x00007ff8e97e1000 	C:\WINDOWS\System32\win32u.dll
0x00007ff8eaf00000 - 0x00007ff8eaf26000 	C:\WINDOWS\System32\GDI32.dll
0x00007ff8e9840000 - 0x00007ff8e99d4000 	C:\WINDOWS\System32\gdi32full.dll
0x00007ff8ea310000 - 0x00007ff8ea3ae000 	C:\WINDOWS\System32\msvcp_win.dll
0x00007ff8ea210000 - 0x00007ff8ea30a000 	C:\WINDOWS\System32\ucrtbase.dll
0x00007ff8de040000 - 0x00007ff8de2c5000 	C:\WINDOWS\WinSxS\amd64_microsoft.windows.common-controls_6595b64144ccf1df_6.0.18362.657_none_e6c5b579130e3898\COMCTL32.dll
0x00007ff8eb0c0000 - 0x00007ff8eb3f6000 	C:\WINDOWS\System32\combase.dll
0x00007ff8ea3b0000 - 0x00007ff8ea430000 	C:\WINDOWS\System32\bcryptPrimitives.dll
0x00007ff8eb9e0000 - 0x00007ff8eba0e000 	C:\WINDOWS\System32\IMM32.DLL
0x0000000063630000 - 0x0000000063702000 	C:\Program Files\Android\Android Studio\jre\jre\bin\msvcr100.dll
0x00000000637f0000 - 0x0000000064036000 	C:\Program Files\Android\Android Studio\jre\jre\bin\server\jvm.dll
0x00007ff8eb5d0000 - 0x00007ff8eb5d8000 	C:\WINDOWS\System32\PSAPI.DLL
0x00007ff8e5000000 - 0x00007ff8e5009000 	C:\WINDOWS\SYSTEM32\WSOCK32.dll
0x00007ff8eb970000 - 0x00007ff8eb9df000 	C:\WINDOWS\System32\WS2_32.dll
0x00007ff8dbcc0000 - 0x00007ff8dbce4000 	C:\WINDOWS\SYSTEM32\WINMM.dll
0x00007ff8e0090000 - 0x00007ff8e009a000 	C:\WINDOWS\SYSTEM32\VERSION.dll
0x00007ff8dbbe0000 - 0x00007ff8dbc0d000 	C:\WINDOWS\SYSTEM32\WINMMBASE.dll
0x00007ff8e94c0000 - 0x00007ff8e950a000 	C:\WINDOWS\System32\cfgmgr32.dll
0x00007ff8e4ff0000 - 0x00007ff8e4fff000 	C:\Program Files\Android\Android Studio\jre\jre\bin\verify.dll
0x00007ff8e4d10000 - 0x00007ff8e4d39000 	C:\Program Files\Android\Android Studio\jre\jre\bin\java.dll
0x00007ff8e4370000 - 0x00007ff8e4386000 	C:\Program Files\Android\Android Studio\jre\jre\bin\zip.dll
0x00007ff8ea500000 - 0x00007ff8eabe5000 	C:\WINDOWS\System32\SHELL32.dll
0x00007ff8ec240000 - 0x00007ff8ec2e9000 	C:\WINDOWS\System32\shcore.dll
0x00007ff8e9a90000 - 0x00007ff8ea20f000 	C:\WINDOWS\System32\windows.storage.dll
0x00007ff8e92c0000 - 0x00007ff8e92df000 	C:\WINDOWS\System32\profapi.dll
0x00007ff8e9300000 - 0x00007ff8e934a000 	C:\WINDOWS\System32\powrprof.dll
0x00007ff8e92b0000 - 0x00007ff8e92c0000 	C:\WINDOWS\System32\UMPDC.dll
0x00007ff8eb7e0000 - 0x00007ff8eb832000 	C:\WINDOWS\System32\shlwapi.dll
0x00007ff8e92e0000 - 0x00007ff8e92f1000 	C:\WINDOWS\System32\kernel.appcore.dll
0x00007ff8e9820000 - 0x00007ff8e9837000 	C:\WINDOWS\System32\cryptsp.dll
0x00007ff8e3f10000 - 0x00007ff8e3f2a000 	C:\Program Files\Android\Android Studio\jre\jre\bin\net.dll
0x00007ff8df2e0000 - 0x00007ff8df4b6000 	C:\WINDOWS\SYSTEM32\urlmon.dll
0x00007ff8ddd10000 - 0x00007ff8ddfb6000 	C:\WINDOWS\SYSTEM32\iertutil.dll
0x00007ff8e8cf0000 - 0x00007ff8e8cfc000 	C:\WINDOWS\SYSTEM32\CRYPTBASE.DLL
0x00007ff8e8b20000 - 0x00007ff8e8b87000 	C:\WINDOWS\system32\mswsock.dll
0x00007ff8e3ef0000 - 0x00007ff8e3f03000 	C:\Program Files\Android\Android Studio\jre\jre\bin\nio.dll
0x00007ff8e3840000 - 0x00007ff8e3866000 	C:\Users\Azimus\.gradle\native\30\windows-amd64\native-platform.dll
0x00007ff8e4640000 - 0x00007ff8e464d000 	C:\Program Files\Android\Android Studio\jre\jre\bin\management.dll
0x00007ff8e8690000 - 0x00007ff8e86c3000 	C:\WINDOWS\system32\rsaenh.dll
0x00007ff8e97f0000 - 0x00007ff8e9816000 	C:\WINDOWS\System32\bcrypt.dll
0x00007ff8e91d0000 - 0x00007ff8e91f5000 	C:\WINDOWS\SYSTEM32\USERENV.dll
0x00007ff8e8830000 - 0x00007ff8e886a000 	C:\WINDOWS\SYSTEM32\IPHLPAPI.DLL
0x00007ff8eb540000 - 0x00007ff8eb548000 	C:\WINDOWS\System32\NSI.dll
0x00007ff8e2cd0000 - 0x00007ff8e2ce6000 	C:\WINDOWS\SYSTEM32\dhcpcsvc6.DLL
0x00007ff8e3630000 - 0x00007ff8e364c000 	C:\WINDOWS\SYSTEM32\dhcpcsvc.DLL
0x00007ff8e8870000 - 0x00007ff8e893a000 	C:\WINDOWS\SYSTEM32\DNSAPI.dll

VM Arguments:
jvm_args: -Xmx1536m -Dfile.encoding=windows-1251 -Duser.country=RU -Duser.language=ru -Duser.variant 
java_command: org.gradle.launcher.daemon.bootstrap.GradleDaemon 5.6.4
java_class_path (initial): C:\Users\Azimus\.gradle\wrapper\dists\gradle-5.6.4-all\ankdp27end7byghfw1q2sw75f\gradle-5.6.4\lib\gradle-launcher-5.6.4.jar
Launcher Type: SUN_STANDARD

Environment Variables:
PATH=C:\WINDOWS\system32;C:\WINDOWS;C:\WINDOWS\System32\Wbem;C:\WINDOWS\System32\WindowsPowerShell\v1.0\;C:\WINDOWS\System32\OpenSSH\;C:\Program Files\Git\cmd;C:\Program Files (x86)\HP\IdrsOCR_15.2.10.1114\;C:\Users\Azimus\AppData\Local\Microsoft\WindowsApps;
USERNAME=Azimus
OS=Windows_NT
PROCESSOR_IDENTIFIER=Intel64 Family 6 Model 37 Stepping 5, GenuineIntel



---------------  S Y S T E M  ---------------

OS: Windows 10.0 , 64 bit Build 18362 (10.0.18362.329)

CPU:total 4 (initial active 4) (2 cores per cpu, 2 threads per core) family 6 model 37 stepping 5, cmov, cx8, fxsr, mmx, sse, sse2, sse3, ssse3, sse4.1, sse4.2, popcnt, ht, tsc, tscinvbit

Memory: 4k page, physical 5945440k(169648k free), swap 9017440k(5900k free)

vm_info: OpenJDK 64-Bit Server VM (25.212-b04) for windows-amd64 JRE (1.8.0_212-release-1586-b04), built by "builder" with MS VC++ 10.0 (VS2010)

time: Wed Mar 04 18:25:40 2020
timezone: Центральная Азия (зима)
elapsed time: 3888 seconds (0d 1h 4m 48s)

