#
# There is insufficient memory for the Java Runtime Environment to continue.
# Native memory allocation (malloc) failed to allocate 2089776 bytes for Chunk::new
# Possible reasons:
#   The system is out of physical RAM or swap space
#   The process is running with CompressedOops enabled, and the Java Heap may be blocking the growth of the native heap
# Possible solutions:
#   Reduce memory load on the system
#   Increase physical memory or swap space
#   Check if swap backing store is full
#   Decrease Java heap size (-Xmx/-Xms)
#   Decrease number of Java threads
#   Decrease Java thread stack sizes (-Xss)
#   Set larger code cache with -XX:ReservedCodeCacheSize=
#   JVM is running with Unscaled Compressed Oops mode in which the Java heap is
#     placed in the first 4GB address space. The Java Heap base address is the
#     maximum limit for the native heap growth. Please use -XX:HeapBaseMinAddress
#     to set the Java Heap base and to place the Java Heap above 4GB virtual address.
# This output file may be truncated or incomplete.
#
#  Out of Memory Error (allocation.cpp:389), pid=5292, tid=0x000000000000231c
#
# JRE version: OpenJDK Runtime Environment (8.0_212-b04) (build 1.8.0_212-release-1586-b04)
# Java VM: OpenJDK 64-Bit Server VM (25.212-b04 mixed mode windows-amd64 compressed oops)
# Failed to write core dump. Minidumps are not enabled by default on client versions of Windows
#

---------------  T H R E A D  ---------------

Current thread (0x00000000165e3000):  JavaThread "C2 CompilerThread1" daemon [_thread_in_native, id=8988, stack(0x0000000017d40000,0x0000000017e40000)]

Stack: [0x0000000017d40000,0x0000000017e40000]
[error occurred during error reporting (printing stack bounds), id 0xc0000005]

Native frames: (J=compiled Java code, j=interpreted, Vv=VM code, C=native code)


Current CompileTask:
C2:  89081 15555 %     4       com.android.tools.r8.ir.regalloc.LinearScanRegisterAllocator::a @ 9 (930 bytes)


---------------  P R O C E S S  ---------------

Java Threads: ( => current thread )
  0x000000001e3ff000 JavaThread "Cache worker for Java compile cache (D:\AndroidStudioProjects\WheatherApp\.gradle\5.6.4\javaCompile)" [_thread_blocked, id=5956, stack(0x000000002cb80000,0x000000002cc80000)]
  0x000000001e3fe000 JavaThread "Cache worker for Java compile cache (C:\Users\Azimus\.gradle\caches\5.6.4\javaCompile)" [_thread_blocked, id=10080, stack(0x000000002c8f0000,0x000000002c9f0000)]
  0x000000001e3fd800 JavaThread "RMI TCP Connection(idle)" daemon [_thread_blocked, id=1168, stack(0x000000002b4c0000,0x000000002b5c0000)]
  0x000000001e3fc800 JavaThread "RMI Reaper" [_thread_blocked, id=10556, stack(0x000000002b3c0000,0x000000002b4c0000)]
  0x000000001e3f4800 JavaThread "RMI TCP Accept-0" daemon [_thread_in_native, id=4396, stack(0x000000002b2c0000,0x000000002b3c0000)]
  0x000000001e3fb000 JavaThread "GC Daemon" daemon [_thread_blocked, id=5748, stack(0x000000002b1c0000,0x000000002b2c0000)]
  0x000000001e3f9800 JavaThread "RMI Scheduler(0)" daemon [_thread_blocked, id=9688, stack(0x000000002afc0000,0x000000002b0c0000)]
  0x000000001e3f9000 JavaThread "WorkerExecutor Queue Thread 5" [_thread_blocked, id=3364, stack(0x00000000266a0000,0x00000000267a0000)]
  0x000000001e3f7800 JavaThread "WorkerExecutor Queue Thread 3" [_thread_blocked, id=3728, stack(0x0000000025ca0000,0x0000000025da0000)]
  0x000000001e3f1800 JavaThread "WorkerExecutor Queue Thread 2" [_thread_blocked, id=6308, stack(0x0000000025ba0000,0x0000000025ca0000)]
  0x000000001e3f6800 JavaThread "WorkerExecutor Queue" [_thread_blocked, id=7432, stack(0x0000000025aa0000,0x0000000025ba0000)]
  0x000000001e3f3800 JavaThread "stdout" [_thread_in_native, id=5160, stack(0x00000000257a0000,0x00000000258a0000)]
  0x000000001e3f8000 JavaThread "stderr" [_thread_in_native, id=6396, stack(0x00000000256a0000,0x00000000257a0000)]
  0x000000001e3f2000 JavaThread "stdout" [_thread_in_native, id=4440, stack(0x00000000254a0000,0x00000000255a0000)]
  0x00000000181f4800 JavaThread "stderr" [_thread_in_native, id=9108, stack(0x00000000253a0000,0x00000000254a0000)]
  0x00000000181f4000 JavaThread "stdout" [_thread_in_native, id=9336, stack(0x00000000252a0000,0x00000000253a0000)]
  0x00000000181f2800 JavaThread "stderr" [_thread_in_native, id=9632, stack(0x00000000251a0000,0x00000000252a0000)]
  0x00000000181f1000 JavaThread "stdout" [_thread_in_native, id=10108, stack(0x00000000250a0000,0x00000000251a0000)]
  0x00000000181f1800 JavaThread "stderr" [_thread_in_native, id=4832, stack(0x0000000024fa0000,0x00000000250a0000)]
  0x00000000181ef800 JavaThread "pool-14-thread-1" [_thread_blocked, id=5428, stack(0x0000000023e80000,0x0000000023f80000)]
  0x00000000181f0000 JavaThread "Cache worker for execution history cache (D:\AndroidStudioProjects\WheatherApp\.gradle\5.6.4\executionHistory)" [_thread_blocked, id=11176, stack(0x0000000023d80000,0x0000000023e80000)]
  0x00000000181e8000 JavaThread "Execution worker for ':' Thread 3" [_thread_in_Java, id=9036, stack(0x0000000023c80000,0x0000000023d80000)]
  0x00000000181ee800 JavaThread "Execution worker for ':' Thread 2" [_thread_in_Java, id=8828, stack(0x0000000023b80000,0x0000000023c80000)]
  0x00000000181ee000 JavaThread "Execution worker for ':'" [_thread_in_Java, id=10448, stack(0x0000000023a80000,0x0000000023b80000)]
  0x00000000181e6800 JavaThread "Cache worker for file content cache (D:\AndroidStudioProjects\WheatherApp\.gradle\5.6.4\fileContent)" [_thread_blocked, id=8832, stack(0x00000000222c0000,0x00000000223c0000)]
  0x00000000181ec800 JavaThread "Cache worker for file content cache (C:\Users\Azimus\.gradle\caches\5.6.4\fileContent)" [_thread_blocked, id=740, stack(0x00000000221c0000,0x00000000222c0000)]
  0x00000000181ed000 JavaThread "Memory manager" [_thread_blocked, id=116, stack(0x00000000220c0000,0x00000000221c0000)]
  0x00000000181e9800 JavaThread "Cache worker for Build Output Cleanup Cache (D:\AndroidStudioProjects\WheatherApp\.gradle\buildOutputCleanup)" [_thread_blocked, id=5032, stack(0x0000000020550000,0x0000000020650000)]
  0x00000000181ea000 JavaThread "Build operations Thread 4" [_thread_blocked, id=5744, stack(0x0000000020dc0000,0x0000000020ec0000)]
  0x00000000181e5800 JavaThread "Build operations Thread 3" [_thread_blocked, id=4136, stack(0x0000000020cc0000,0x0000000020dc0000)]
  0x00000000181eb800 JavaThread "Build operations Thread 2" [_thread_blocked, id=1348, stack(0x0000000020bc0000,0x0000000020cc0000)]
  0x00000000181e7000 JavaThread "Build operations" [_thread_blocked, id=5056, stack(0x0000000020ac0000,0x0000000020bc0000)]
  0x00000000181eb000 JavaThread "Cache worker for execution history cache (C:\Users\Azimus\.gradle\caches\5.6.4\executionHistory)" [_thread_blocked, id=6224, stack(0x0000000020450000,0x0000000020550000)]
  0x000000001a11b000 JavaThread "Cache worker for cache directory md-rule (C:\Users\Azimus\.gradle\caches\5.6.4\md-rule)" [_thread_blocked, id=10512, stack(0x000000001eab0000,0x000000001ebb0000)]
  0x000000001a120800 JavaThread "Cache worker for cache directory md-supplier (C:\Users\Azimus\.gradle\caches\5.6.4\md-supplier)" [_thread_blocked, id=2000, stack(0x000000001e810000,0x000000001e910000)]
  0x000000001a11c000 JavaThread "Cache worker for file hash cache (D:\AndroidStudioProjects\WheatherApp\.gradle\5.6.4\fileHashes)" [_thread_blocked, id=9236, stack(0x000000001e9b0000,0x000000001eab0000)]
  0x000000001a11f800 JavaThread "Cache worker for journal cache (C:\Users\Azimus\.gradle\caches\journal-1)" [_thread_blocked, id=1192, stack(0x000000001c170000,0x000000001c270000)]
  0x000000001a11a800 JavaThread "File lock request listener" [_thread_in_native, id=10408, stack(0x000000001c070000,0x000000001c170000)]
  0x000000001a078000 JavaThread "Cache worker for file hash cache (C:\Users\Azimus\.gradle\caches\5.6.4\fileHashes)" [_thread_blocked, id=3868, stack(0x000000001bf70000,0x000000001c070000)]
  0x0000000019f69800 JavaThread "Thread-9" [_thread_blocked, id=7580, stack(0x000000001be70000,0x000000001bf70000)]
  0x0000000019f3d000 JavaThread "Asynchronous log dispatcher for DefaultDaemonConnection: socket connection from /127.0.0.1:60409 to /127.0.0.1:60410" [_thread_blocked, id=4424, stack(0x000000001bc70000,0x000000001bd70000)]
  0x0000000019f3a000 JavaThread "Daemon worker" [_thread_in_Java, id=4352, stack(0x000000001bb70000,0x000000001bc70000)]
  0x0000000019f2a800 JavaThread "Cancel handler" [_thread_blocked, id=11120, stack(0x000000001ba70000,0x000000001bb70000)]
  0x0000000019f1e800 JavaThread "Handler for socket connection from /127.0.0.1:60409 to /127.0.0.1:60410" [_thread_in_native, id=4336, stack(0x000000001b770000,0x000000001b870000)]
  0x0000000019f17000 JavaThread "Daemon" [_thread_blocked, id=7748, stack(0x000000001b670000,0x000000001b770000)]
  0x0000000019ea2800 JavaThread "Daemon periodic checks" [_thread_blocked, id=8996, stack(0x000000001b570000,0x000000001b670000)]
  0x0000000019e9d800 JavaThread "Incoming local TCP Connector on port 60409" [_thread_in_native, id=10460, stack(0x000000001b320000,0x000000001b420000)]
  0x000000001871d000 JavaThread "Daemon health stats" [_thread_blocked, id=1332, stack(0x000000001ace0000,0x000000001ade0000)]
  0x000000001662d800 JavaThread "Service Thread" daemon [_thread_blocked, id=11004, stack(0x0000000018340000,0x0000000018440000)]
  0x00000000165e9000 JavaThread "C1 CompilerThread2" daemon [_thread_blocked, id=11124, stack(0x0000000017e40000,0x0000000017f40000)]
=>0x00000000165e3000 JavaThread "C2 CompilerThread1" daemon [_thread_in_native, id=8988, stack(0x0000000017d40000,0x0000000017e40000)]
  0x00000000165d3800 JavaThread "C2 CompilerThread0" daemon [_thread_in_native, id=7440, stack(0x0000000017c40000,0x0000000017d40000)]
  0x00000000165d2800 JavaThread "Attach Listener" daemon [_thread_blocked, id=4716, stack(0x0000000017b40000,0x0000000017c40000)]
  0x00000000165d8800 JavaThread "Signal Dispatcher" daemon [_thread_blocked, id=6300, stack(0x0000000017a40000,0x0000000017b40000)]
  0x0000000002c5e000 JavaThread "Finalizer" daemon [_thread_blocked, id=4924, stack(0x0000000017830000,0x0000000017930000)]
  0x00000000165b9000 JavaThread "Reference Handler" daemon [_thread_blocked, id=10336, stack(0x0000000017730000,0x0000000017830000)]
  0x0000000002a5d800 JavaThread "main" [_thread_blocked, id=10548, stack(0x0000000002a60000,0x0000000002b60000)]

Other Threads:
  0x0000000016594800 VMThread [stack: 0x0000000017630000,0x0000000017730000] [id=8108]
  0x0000000017f95000 WatcherThread [stack: 0x0000000018440000,0x0000000018540000] [id=4080]

VM state:not at safepoint (normal execution)

VM Mutex/Monitor currently owned by a thread: None

heap address: 0x00000000a0000000, size: 1536 MB, Compressed Oops mode: 32-bit
Narrow klass base: 0x0000000000000000, Narrow klass shift: 3
Compressed class space size: 1073741824 Address: 0x0000000100000000

Heap:
 PSYoungGen      total 392704K, used 220751K [0x00000000e0000000, 0x00000000fb100000, 0x0000000100000000)
  eden space 353280K, 54% used [0x00000000e0000000,0x00000000ebaced20,0x00000000f5900000)
  from space 39424K, 74% used [0x00000000f8100000,0x00000000f9dc51f0,0x00000000fa780000)
  to   space 40960K, 0% used [0x00000000f5900000,0x00000000f5900000,0x00000000f8100000)
 ParOldGen       total 113664K, used 73144K [0x00000000a0000000, 0x00000000a6f00000, 0x00000000e0000000)
  object space 113664K, 64% used [0x00000000a0000000,0x00000000a476e0d8,0x00000000a6f00000)
 Metaspace       used 88519K, capacity 92242K, committed 92416K, reserved 1128448K
  class space    used 11728K, capacity 12476K, committed 12544K, reserved 1048576K

Card table byte_map: [0x0000000012020000,0x0000000012330000] byte_map_base: 0x0000000011b20000

Marking Bits: (ParMarkBitMap*) 0x000000006dd99f30
 Begin Bits: [0x0000000012930000, 0x0000000014130000)
 End Bits:   [0x0000000014130000, 0x0000000015930000)

Polling page: 0x0000000000c30000

CodeCache: size=245760Kb used=46880Kb max_used=47050Kb free=198879Kb
 bounds [0x0000000002c60000, 0x0000000005ad0000, 0x0000000011c60000]
 total_blobs=15031 nmethods=14125 adapters=817
 compilation: enabled

Compilation events (10 events):
Event: 89.037 Thread 0x00000000165e9000 16846       1       com.android.tools.r8.BaseCompilerCommand$Builder::getMainDexListConsumer (5 bytes)
Event: 89.037 Thread 0x00000000165e9000 nmethod 16846 0x0000000005749ed0 code [0x000000000574a020, 0x000000000574a130]
Event: 89.037 Thread 0x00000000165e9000 16847       1       com.android.tools.r8.BaseCommand$Builder::a (5 bytes)
Event: 89.037 Thread 0x00000000165e9000 nmethod 16847 0x0000000005749c10 code [0x0000000005749d60, 0x0000000005749e70]
Event: 89.038 Thread 0x00000000165e9000 16848       1       com.android.tools.r8.s.a.a.b.I::a (5 bytes)
Event: 89.038 Thread 0x00000000165e9000 nmethod 16848 0x0000000005749950 code [0x0000000005749aa0, 0x0000000005749b90]
Event: 89.042 Thread 0x00000000165e9000 16849       1       com.android.tools.r8.u.d.i::f (5 bytes)
Event: 89.043 Thread 0x00000000165e9000 nmethod 16849 0x0000000005749690 code [0x00000000057497e0, 0x00000000057498f0]
Event: 89.071 Thread 0x00000000165e9000 16850       1       com.android.tools.r8.dex.a::b (5 bytes)
Event: 89.072 Thread 0x00000000165e9000 nmethod 16850 0x0000000004404750 code [0x00000000044048a0, 0x0000000004404990]

GC Heap History (10 events):
Event: 78.091 GC heap before
{Heap before GC invocations=25 (full 3):
 PSYoungGen      total 394240K, used 388518K [0x00000000e0000000, 0x00000000fb100000, 0x0000000100000000)
  eden space 353280K, 100% used [0x00000000e0000000,0x00000000f5900000,0x00000000f5900000)
  from space 40960K, 86% used [0x00000000f5900000,0x00000000f7b698e0,0x00000000f8100000)
  to   space 39424K, 0% used [0x00000000f8100000,0x00000000f8100000,0x00000000fa780000)
 ParOldGen       total 113664K, used 68201K [0x00000000a0000000, 0x00000000a6f00000, 0x00000000e0000000)
  object space 113664K, 60% used [0x00000000a0000000,0x00000000a429a6d8,0x00000000a6f00000)
 Metaspace       used 88373K, capacity 92084K, committed 92160K, reserved 1128448K
  class space    used 11725K, capacity 12473K, committed 12544K, reserved 1048576K
Event: 78.149 GC heap after
Heap after GC invocations=25 (full 3):
 PSYoungGen      total 392704K, used 31408K [0x00000000e0000000, 0x00000000fb100000, 0x0000000100000000)
  eden space 353280K, 0% used [0x00000000e0000000,0x00000000e0000000,0x00000000f5900000)
  from space 39424K, 79% used [0x00000000f8100000,0x00000000f9fac1d8,0x00000000fa780000)
  to   space 40960K, 0% used [0x00000000f5900000,0x00000000f5900000,0x00000000f8100000)
 ParOldGen       total 113664K, used 71730K [0x00000000a0000000, 0x00000000a6f00000, 0x00000000e0000000)
  object space 113664K, 63% used [0x00000000a0000000,0x00000000a460c960,0x00000000a6f00000)
 Metaspace       used 88373K, capacity 92084K, committed 92160K, reserved 1128448K
  class space    used 11725K, capacity 12473K, committed 12544K, reserved 1048576K
}
Event: 80.889 GC heap before
{Heap before GC invocations=26 (full 3):
 PSYoungGen      total 392704K, used 384688K [0x00000000e0000000, 0x00000000fb100000, 0x0000000100000000)
  eden space 353280K, 100% used [0x00000000e0000000,0x00000000f5900000,0x00000000f5900000)
  from space 39424K, 79% used [0x00000000f8100000,0x00000000f9fac1d8,0x00000000fa780000)
  to   space 40960K, 0% used [0x00000000f5900000,0x00000000f5900000,0x00000000f8100000)
 ParOldGen       total 113664K, used 71730K [0x00000000a0000000, 0x00000000a6f00000, 0x00000000e0000000)
  object space 113664K, 63% used [0x00000000a0000000,0x00000000a460c960,0x00000000a6f00000)
 Metaspace       used 88400K, capacity 92098K, committed 92416K, reserved 1128448K
  class space    used 11726K, capacity 12474K, committed 12544K, reserved 1048576K
Event: 80.957 GC heap after
Heap after GC invocations=26 (full 3):
 PSYoungGen      total 394240K, used 34983K [0x00000000e0000000, 0x00000000fb100000, 0x0000000100000000)
  eden space 353280K, 0% used [0x00000000e0000000,0x00000000e0000000,0x00000000f5900000)
  from space 40960K, 85% used [0x00000000f5900000,0x00000000f7b29e78,0x00000000f8100000)
  to   space 39424K, 0% used [0x00000000f8100000,0x00000000f8100000,0x00000000fa780000)
 ParOldGen       total 113664K, used 73144K [0x00000000a0000000, 0x00000000a6f00000, 0x00000000e0000000)
  object space 113664K, 64% used [0x00000000a0000000,0x00000000a476e0d8,0x00000000a6f00000)
 Metaspace       used 88400K, capacity 92098K, committed 92416K, reserved 1128448K
  class space    used 11726K, capacity 12474K, committed 12544K, reserved 1048576K
}
Event: 83.295 GC heap before
{Heap before GC invocations=27 (full 3):
 PSYoungGen      total 394240K, used 388263K [0x00000000e0000000, 0x00000000fb100000, 0x0000000100000000)
  eden space 353280K, 100% used [0x00000000e0000000,0x00000000f5900000,0x00000000f5900000)
  from space 40960K, 85% used [0x00000000f5900000,0x00000000f7b29e78,0x00000000f8100000)
  to   space 39424K, 0% used [0x00000000f8100000,0x00000000f8100000,0x00000000fa780000)
 ParOldGen       total 113664K, used 73144K [0x00000000a0000000, 0x00000000a6f00000, 0x00000000e0000000)
  object space 113664K, 64% used [0x00000000a0000000,0x00000000a476e0d8,0x00000000a6f00000)
 Metaspace       used 88460K, capacity 92162K, committed 92416K, reserved 1128448K
  class space    used 11726K, capacity 12474K, committed 12544K, reserved 1048576K
Event: 83.384 GC heap after
Heap after GC invocations=27 (full 3):
 PSYoungGen      total 392704K, used 32991K [0x00000000e0000000, 0x00000000fb100000, 0x0000000100000000)
  eden space 353280K, 0% used [0x00000000e0000000,0x00000000e0000000,0x00000000f5900000)
  from space 39424K, 83% used [0x00000000f8100000,0x00000000fa137d80,0x00000000fa780000)
  to   space 40960K, 0% used [0x00000000f5900000,0x00000000f5900000,0x00000000f8100000)
 ParOldGen       total 113664K, used 73144K [0x00000000a0000000, 0x00000000a6f00000, 0x00000000e0000000)
  object space 113664K, 64% used [0x00000000a0000000,0x00000000a476e0d8,0x00000000a6f00000)
 Metaspace       used 88460K, capacity 92162K, committed 92416K, reserved 1128448K
  class space    used 11726K, capacity 12474K, committed 12544K, reserved 1048576K
}
Event: 85.747 GC heap before
{Heap before GC invocations=28 (full 3):
 PSYoungGen      total 392704K, used 386271K [0x00000000e0000000, 0x00000000fb100000, 0x0000000100000000)
  eden space 353280K, 100% used [0x00000000e0000000,0x00000000f5900000,0x00000000f5900000)
  from space 39424K, 83% used [0x00000000f8100000,0x00000000fa137d80,0x00000000fa780000)
  to   space 40960K, 0% used [0x00000000f5900000,0x00000000f5900000,0x00000000f8100000)
 ParOldGen       total 113664K, used 73144K [0x00000000a0000000, 0x00000000a6f00000, 0x00000000e0000000)
  object space 113664K, 64% used [0x00000000a0000000,0x00000000a476e0d8,0x00000000a6f00000)
 Metaspace       used 88490K, capacity 92242K, committed 92416K, reserved 1128448K
  class space    used 11727K, capacity 12476K, committed 12544K, reserved 1048576K
Event: 85.808 GC heap after
Heap after GC invocations=28 (full 3):
 PSYoungGen      total 394240K, used 36133K [0x00000000e0000000, 0x00000000fb100000, 0x0000000100000000)
  eden space 353280K, 0% used [0x00000000e0000000,0x00000000e0000000,0x00000000f5900000)
  from space 40960K, 88% used [0x00000000f5900000,0x00000000f7c497d8,0x00000000f8100000)
  to   space 39424K, 0% used [0x00000000f8100000,0x00000000f8100000,0x00000000fa780000)
 ParOldGen       total 113664K, used 73144K [0x00000000a0000000, 0x00000000a6f00000, 0x00000000e0000000)
  object space 113664K, 64% used [0x00000000a0000000,0x00000000a476e0d8,0x00000000a6f00000)
 Metaspace       used 88490K, capacity 92242K, committed 92416K, reserved 1128448K
  class space    used 11727K, capacity 12476K, committed 12544K, reserved 1048576K
}
Event: 88.063 GC heap before
{Heap before GC invocations=29 (full 3):
 PSYoungGen      total 394240K, used 389413K [0x00000000e0000000, 0x00000000fb100000, 0x0000000100000000)
  eden space 353280K, 100% used [0x00000000e0000000,0x00000000f5900000,0x00000000f5900000)
  from space 40960K, 88% used [0x00000000f5900000,0x00000000f7c497d8,0x00000000f8100000)
  to   space 39424K, 0% used [0x00000000f8100000,0x00000000f8100000,0x00000000fa780000)
 ParOldGen       total 113664K, used 73144K [0x00000000a0000000, 0x00000000a6f00000, 0x00000000e0000000)
  object space 113664K, 64% used [0x00000000a0000000,0x00000000a476e0d8,0x00000000a6f00000)
 Metaspace       used 88513K, capacity 92242K, committed 92416K, reserved 1128448K
  class space    used 11728K, capacity 12476K, committed 12544K, reserved 1048576K
Event: 88.126 GC heap after
Heap after GC invocations=29 (full 3):
 PSYoungGen      total 392704K, used 29460K [0x00000000e0000000, 0x00000000fb100000, 0x0000000100000000)
  eden space 353280K, 0% used [0x00000000e0000000,0x00000000e0000000,0x00000000f5900000)
  from space 39424K, 74% used [0x00000000f8100000,0x00000000f9dc51f0,0x00000000fa780000)
  to   space 40960K, 0% used [0x00000000f5900000,0x00000000f5900000,0x00000000f8100000)
 ParOldGen       total 113664K, used 73144K [0x00000000a0000000, 0x00000000a6f00000, 0x00000000e0000000)
  object space 113664K, 64% used [0x00000000a0000000,0x00000000a476e0d8,0x00000000a6f00000)
 Metaspace       used 88513K, capacity 92242K, committed 92416K, reserved 1128448K
  class space    used 11728K, capacity 12476K, committed 12544K, reserved 1048576K
}

Deoptimization events (10 events):
Event: 74.691 Thread 0x00000000181ee000 Uncommon trap: reason=class_check action=maybe_recompile pc=0x00000000058593bc method=com.android.tools.r8.u.c.o.a(Lcom/android/tools/r8/u/c/M;IZ)V @ 635
Event: 74.692 Thread 0x00000000181ee000 Uncommon trap: reason=class_check action=maybe_recompile pc=0x00000000058593bc method=com.android.tools.r8.u.c.o.a(Lcom/android/tools/r8/u/c/M;IZ)V @ 635
Event: 75.741 Thread 0x00000000181ee000 Uncommon trap: reason=class_check action=maybe_recompile pc=0x00000000058593bc method=com.android.tools.r8.u.c.o.a(Lcom/android/tools/r8/u/c/M;IZ)V @ 635
Event: 81.828 Thread 0x00000000181e8000 Uncommon trap: reason=unstable_if action=reinterpret pc=0x0000000005a597cc method=com.android.tools.r8.ir.regalloc.LinearScanRegisterAllocator.a(Lcom/android/tools/r8/ir/regalloc/LinearScanRegisterAllocator$a;Z)Lcom/android/tools/r8/ir/regalloc/LinearScan
Event: 82.031 Thread 0x00000000181ee000 Uncommon trap: reason=unstable_if action=reinterpret pc=0x0000000004b02450 method=com.android.tools.r8.s.a.a.b.t0.b(I[Ljava/lang/Object;)Lcom/android/tools/r8/s/a/a/b/t0; @ 179
Event: 84.266 Thread 0x00000000181ee000 Uncommon trap: reason=unstable_if action=reinterpret pc=0x000000000548ee58 method=com.android.tools.r8.ir.regalloc.a.compareTo(Ljava/lang/Object;)I @ 52
Event: 84.827 Thread 0x00000000181ee000 Uncommon trap: reason=unstable_if action=reinterpret pc=0x000000000548fe94 method=com.android.tools.r8.ir.regalloc.a.compareTo(Ljava/lang/Object;)I @ 52
Event: 87.116 Thread 0x0000000019f3a000 Uncommon trap: reason=null_check action=make_not_entrant pc=0x0000000004909a00 method=com.android.tools.r8.graph.d0.computeEquals(Ljava/lang/Object;)Z @ 1
Event: 88.218 Thread 0x00000000181e8000 Uncommon trap: reason=class_check action=maybe_recompile pc=0x000000000523e1d0 method=com.android.tools.r8.u.a.h.e.b(Lcom/android/tools/r8/u/b/d0;)V @ 379
Event: 88.268 Thread 0x00000000181ee800 Uncommon trap: reason=unstable_if action=reinterpret pc=0x0000000003e5ebec method=java.util.concurrent.ConcurrentHashMap.computeIfAbsent(Ljava/lang/Object;Ljava/util/function/Function;)Ljava/lang/Object; @ 281

Classes redefined (0 events):
No events

Internal exceptions (10 events):
Event: 87.415 Thread 0x0000000019f3a000 Exception <a 'sun/nio/fs/WindowsException'> (0x00000000eccb7fd8) thrown at [D:\src\AOSP-openjdk-cygwin\jdk8u\hotspot\src\share\vm\prims\jni.cpp, line 710]
Event: 87.448 Thread 0x00000000181ee800 Exception <a 'sun/nio/fs/WindowsException'> (0x00000000eeefad88) thrown at [D:\src\AOSP-openjdk-cygwin\jdk8u\hotspot\src\share\vm\prims\jni.cpp, line 710]
Event: 87.587 Thread 0x0000000019f3a000 Exception <a 'sun/nio/fs/WindowsException'> (0x00000000f09b2188) thrown at [D:\src\AOSP-openjdk-cygwin\jdk8u\hotspot\src\share\vm\prims\jni.cpp, line 710]
Event: 87.803 Thread 0x0000000019f3a000 Exception <a 'sun/nio/fs/WindowsException'> (0x00000000f267a948) thrown at [D:\src\AOSP-openjdk-cygwin\jdk8u\hotspot\src\share\vm\prims\jni.cpp, line 710]
Event: 87.831 Thread 0x00000000181ee000 Exception <a 'sun/nio/fs/WindowsException'> (0x00000000f2b6b358) thrown at [D:\src\AOSP-openjdk-cygwin\jdk8u\hotspot\src\share\vm\prims\jni.cpp, line 710]
Event: 88.022 Thread 0x00000000181ee000 Exception <a 'sun/nio/fs/WindowsException'> (0x00000000f4722148) thrown at [D:\src\AOSP-openjdk-cygwin\jdk8u\hotspot\src\share\vm\prims\jni.cpp, line 710]
Event: 88.249 Thread 0x00000000181ee800 Exception <a 'sun/nio/fs/WindowsException'> (0x00000000e15b00e0) thrown at [D:\src\AOSP-openjdk-cygwin\jdk8u\hotspot\src\share\vm\prims\jni.cpp, line 710]
Event: 88.634 Thread 0x00000000181e8000 Exception <a 'sun/nio/fs/WindowsException'> (0x00000000e5f40aa0) thrown at [D:\src\AOSP-openjdk-cygwin\jdk8u\hotspot\src\share\vm\prims\jni.cpp, line 710]
Event: 88.667 Thread 0x0000000019f3a000 Exception <a 'sun/nio/fs/WindowsException'> (0x00000000e65d4138) thrown at [D:\src\AOSP-openjdk-cygwin\jdk8u\hotspot\src\share\vm\prims\jni.cpp, line 710]
Event: 89.037 Thread 0x00000000181e8000 Exception <a 'sun/nio/fs/WindowsException'> (0x00000000eb3515c8) thrown at [D:\src\AOSP-openjdk-cygwin\jdk8u\hotspot\src\share\vm\prims\jni.cpp, line 710]

Events (10 events):
Event: 89.024 Thread 0x0000000019f3a000 DEOPT PACKING pc=0x0000000004ef964e sp=0x000000001bc68340
Event: 89.024 Thread 0x0000000019f3a000 DEOPT UNPACKING pc=0x0000000002ca71d0 sp=0x000000001bc68120 mode 0
Event: 89.043 Thread 0x00000000181ee000 DEOPT PACKING pc=0x0000000004ac0160 sp=0x0000000023b7a890
Event: 89.044 Thread 0x00000000181ee000 DEOPT UNPACKING pc=0x0000000002ca71d0 sp=0x0000000023b7a6d8 mode 0
Event: 89.054 Thread 0x00000000181e8000 DEOPT PACKING pc=0x0000000004be8253 sp=0x0000000023d7a8c0
Event: 89.054 Thread 0x00000000181e8000 DEOPT UNPACKING pc=0x0000000002ca71d0 sp=0x0000000023d7a7e0 mode 0
Event: 89.075 Thread 0x0000000019f3a000 DEOPT PACKING pc=0x0000000004a9524c sp=0x000000001bc69060
Event: 89.075 Thread 0x0000000019f3a000 DEOPT UNPACKING pc=0x0000000002ca71d0 sp=0x000000001bc68dc8 mode 0
Event: 89.077 Thread 0x00000000181ee800 DEOPT PACKING pc=0x0000000004a1a8d6 sp=0x0000000023c7ad10
Event: 89.077 Thread 0x00000000181ee800 DEOPT UNPACKING pc=0x0000000002ca71d0 sp=0x0000000023c7abd8 mode 0


Dynamic libraries:
0x00007ff70bcc0000 - 0x00007ff70bcf1000 	C:\Program Files\Android\Android Studio\jre\bin\java.exe
0x00007ffd3edc0000 - 0x00007ffd3efb0000 	C:\WINDOWS\SYSTEM32\ntdll.dll
0x00007ffd3d6a0000 - 0x00007ffd3d752000 	C:\WINDOWS\System32\KERNEL32.DLL
0x00007ffd3cbc0000 - 0x00007ffd3ce63000 	C:\WINDOWS\System32\KERNELBASE.dll
0x00007ffd3e820000 - 0x00007ffd3e8c3000 	C:\WINDOWS\System32\ADVAPI32.dll
0x00007ffd3d0d0000 - 0x00007ffd3d16e000 	C:\WINDOWS\System32\msvcrt.dll
0x00007ffd3ce70000 - 0x00007ffd3cf07000 	C:\WINDOWS\System32\sechost.dll
0x00007ffd3ea50000 - 0x00007ffd3eb70000 	C:\WINDOWS\System32\RPCRT4.dll
0x00007ffd3e5c0000 - 0x00007ffd3e754000 	C:\WINDOWS\System32\USER32.dll
0x00007ffd3be10000 - 0x00007ffd3be31000 	C:\WINDOWS\System32\win32u.dll
0x00007ffd3ed50000 - 0x00007ffd3ed76000 	C:\WINDOWS\System32\GDI32.dll
0x00007ffd3bf90000 - 0x00007ffd3c124000 	C:\WINDOWS\System32\gdi32full.dll
0x00007ffd3bd50000 - 0x00007ffd3bdee000 	C:\WINDOWS\System32\msvcp_win.dll
0x00007ffd3c270000 - 0x00007ffd3c36a000 	C:\WINDOWS\System32\ucrtbase.dll
0x00007ffd2ab60000 - 0x00007ffd2ade5000 	C:\WINDOWS\WinSxS\amd64_microsoft.windows.common-controls_6595b64144ccf1df_6.0.18362.657_none_e6c5b579130e3898\COMCTL32.dll
0x00007ffd3d890000 - 0x00007ffd3dbc6000 	C:\WINDOWS\System32\combase.dll
0x00007ffd3c370000 - 0x00007ffd3c3f0000 	C:\WINDOWS\System32\bcryptPrimitives.dll
0x00007ffd3e760000 - 0x00007ffd3e78e000 	C:\WINDOWS\System32\IMM32.DLL
0x000000006d410000 - 0x000000006d4e2000 	C:\Program Files\Android\Android Studio\jre\jre\bin\msvcr100.dll
0x000000006d5d0000 - 0x000000006de16000 	C:\Program Files\Android\Android Studio\jre\jre\bin\server\jvm.dll
0x00007ffd3e790000 - 0x00007ffd3e798000 	C:\WINDOWS\System32\PSAPI.DLL
0x00007ffd2d810000 - 0x00007ffd2d81a000 	C:\WINDOWS\SYSTEM32\VERSION.dll
0x00007ffd397b0000 - 0x00007ffd397d4000 	C:\WINDOWS\SYSTEM32\WINMM.dll
0x00007ffd372e0000 - 0x00007ffd372e9000 	C:\WINDOWS\SYSTEM32\WSOCK32.dll
0x00007ffd3cf10000 - 0x00007ffd3cf7f000 	C:\WINDOWS\System32\WS2_32.dll
0x00007ffd39780000 - 0x00007ffd397ad000 	C:\WINDOWS\SYSTEM32\winmmbase.dll
0x00007ffd3c3f0000 - 0x00007ffd3c43a000 	C:\WINDOWS\System32\cfgmgr32.dll
0x00007ffd36f90000 - 0x00007ffd36f9f000 	C:\Program Files\Android\Android Studio\jre\jre\bin\verify.dll
0x00007ffd35dc0000 - 0x00007ffd35de9000 	C:\Program Files\Android\Android Studio\jre\jre\bin\java.dll
0x00007ffd340a0000 - 0x00007ffd340b6000 	C:\Program Files\Android\Android Studio\jre\jre\bin\zip.dll
0x00007ffd3dbd0000 - 0x00007ffd3e2b5000 	C:\WINDOWS\System32\SHELL32.dll
0x00007ffd3d760000 - 0x00007ffd3d809000 	C:\WINDOWS\System32\shcore.dll
0x00007ffd3c440000 - 0x00007ffd3cbbf000 	C:\WINDOWS\System32\windows.storage.dll
0x00007ffd3bca0000 - 0x00007ffd3bcbf000 	C:\WINDOWS\System32\profapi.dll
0x00007ffd3bce0000 - 0x00007ffd3bd2a000 	C:\WINDOWS\System32\powrprof.dll
0x00007ffd3bc90000 - 0x00007ffd3bca0000 	C:\WINDOWS\System32\UMPDC.dll
0x00007ffd3d1d0000 - 0x00007ffd3d222000 	C:\WINDOWS\System32\shlwapi.dll
0x00007ffd3bd30000 - 0x00007ffd3bd41000 	C:\WINDOWS\System32\kernel.appcore.dll
0x00007ffd3bdf0000 - 0x00007ffd3be07000 	C:\WINDOWS\System32\cryptsp.dll
0x00007ffd37350000 - 0x00007ffd3736a000 	C:\Program Files\Android\Android Studio\jre\jre\bin\net.dll
0x00007ffd32030000 - 0x00007ffd32206000 	C:\WINDOWS\SYSTEM32\urlmon.dll
0x00007ffd2ff70000 - 0x00007ffd30216000 	C:\WINDOWS\SYSTEM32\iertutil.dll
0x00007ffd3b6d0000 - 0x00007ffd3b6dc000 	C:\WINDOWS\SYSTEM32\CRYPTBASE.DLL
0x00007ffd3b500000 - 0x00007ffd3b567000 	C:\WINDOWS\system32\mswsock.dll
0x00007ffd37330000 - 0x00007ffd37343000 	C:\Program Files\Android\Android Studio\jre\jre\bin\nio.dll
0x00007ffd33e40000 - 0x00007ffd33e66000 	C:\Users\Azimus\.gradle\native\30\windows-amd64\native-platform.dll
0x00007ffd39cf0000 - 0x00007ffd39cfd000 	C:\Program Files\Android\Android Studio\jre\jre\bin\management.dll
0x00007ffd3b070000 - 0x00007ffd3b0a3000 	C:\WINDOWS\system32\rsaenh.dll
0x00007ffd3c240000 - 0x00007ffd3c266000 	C:\WINDOWS\System32\bcrypt.dll
0x00007ffd3bbb0000 - 0x00007ffd3bbd5000 	C:\WINDOWS\SYSTEM32\USERENV.dll
0x00007ffd3b210000 - 0x00007ffd3b24a000 	C:\WINDOWS\SYSTEM32\IPHLPAPI.DLL
0x00007ffd3d0c0000 - 0x00007ffd3d0c8000 	C:\WINDOWS\System32\NSI.dll
0x00007ffd33c60000 - 0x00007ffd33c76000 	C:\WINDOWS\SYSTEM32\dhcpcsvc6.DLL
0x00007ffd341a0000 - 0x00007ffd341bc000 	C:\WINDOWS\SYSTEM32\dhcpcsvc.DLL
0x00007ffd3b250000 - 0x00007ffd3b31a000 	C:\WINDOWS\SYSTEM32\DNSAPI.dll
0x00007ffd39e70000 - 0x00007ffd39eff000 	C:\WINDOWS\system32\apphelp.dll
0x00007ffd30900000 - 0x00007ffd3091e000 	C:\Users\Azimus\AppData\Local\Temp\native-platform1614999228882299409dir\native-platform.dll

VM Arguments:
jvm_args: -Xmx1536m -Dfile.encoding=windows-1251 -Duser.country=RU -Duser.language=ru -Duser.variant 
java_command: org.gradle.launcher.daemon.bootstrap.GradleDaemon 5.6.4
java_class_path (initial): C:\Users\Azimus\.gradle\wrapper\dists\gradle-5.6.4-all\ankdp27end7byghfw1q2sw75f\gradle-5.6.4\lib\gradle-launcher-5.6.4.jar
Launcher Type: SUN_STANDARD

Environment Variables:
PATH=C:\WINDOWS\system32;C:\WINDOWS;C:\WINDOWS\System32\Wbem;C:\WINDOWS\System32\WindowsPowerShell\v1.0\;C:\WINDOWS\System32\OpenSSH\;C:\Program Files\Git\cmd;C:\Program Files (x86)\HP\IdrsOCR_15.2.10.1114\;C:\Users\Azimus\AppData\Local\Microsoft\WindowsApps;
USERNAME=Azimus
OS=Windows_NT
PROCESSOR_IDENTIFIER=Intel64 Family 6 Model 37 Stepping 5, GenuineIntel



---------------  S Y S T E M  ---------------

OS: Windows 10.0 , 64 bit Build 18362 (10.0.18362.329)

CPU:total 4 (initial active 4) (2 cores per cpu, 2 threads per core) family 6 model 37 stepping 5, cmov, cx8, fxsr, mmx, sse, sse2, sse3, ssse3, sse4.1, sse4.2, popcnt, ht, tsc, tscinvbit

Memory: 4k page, physical 5945440k(101672k free), swap 9017420k(5404k free)

vm_info: OpenJDK 64-Bit Server VM (25.212-b04) for windows-amd64 JRE (1.8.0_212-release-1586-b04), built by "builder" with MS VC++ 10.0 (VS2010)

time: Mon Mar 09 21:18:04 2020
timezone: Центральная Азия (зима)
elapsed time: 89 seconds (0d 0h 1m 29s)

