JvmtiExport can_access_local_variables 0
JvmtiExport can_hotswap_or_post_breakpoint 0
JvmtiExport can_post_on_exceptions 0
# 591 ciObject found
ciMethod java/lang/Object <init> ()V 4097 1 40112118 0 0
ciMethod java/lang/Object getClass ()Ljava/lang/Class; 2049 1 256 0 -1
ciMethod java/lang/String charAt (I)C 4097 1 12276460 0 -1
ciMethod java/lang/String equals (Ljava/lang/Object;)Z 2049 10617 3291 0 -1
ciMethod java/lang/String hashCode ()I 2729 32769 986 0 288
ciMethod java/lang/Class getComponentType ()Ljava/lang/Class; 3105 1 388 0 -1
ciMethod java/lang/System arraycopy (Ljava/lang/Object;ILjava/lang/Object;II)V 4097 1 512 0 -1
ciMethod java/lang/StringBuilder <init> ()V 953 1 543582 0 -1
ciMethod java/lang/StringBuilder append (Ljava/lang/String;)Ljava/lang/StringBuilder; 2089 1 1072935 0 -1
ciMethod java/lang/StringBuilder append (C)Ljava/lang/StringBuilder; 3705 1 807262 0 -1
ciMethod java/lang/StringBuilder toString ()Ljava/lang/String; 1033 1 579420 0 -1
ciMethod java/lang/Boolean booleanValue ()Z 1033 1 129 0 -1
ciMethod java/lang/Character charValue ()C 1025 1 128 0 -1
ciMethod java/lang/Float floatValue ()F 9 1 69 0 -1
ciMethod java/lang/Double doubleValue ()D 17 1 65 0 -1
ciMethod java/lang/Byte intValue ()I 0 0 1 0 -1
ciMethod java/lang/Short intValue ()I 0 0 1 0 -1
ciMethod java/lang/Integer intValue ()I 1097 1 137 0 -1
ciMethod java/lang/Long longValue ()J 857 1 89985 0 -1
ciMethod java/util/AbstractCollection <init> ()V 417 1 9519935 0 32
ciMethod java/util/AbstractCollection size ()I 0 0 1 0 -1
ciMethod java/util/AbstractCollection isEmpty ()Z 2049 1 527370 0 64
ciMethod java/util/Set iterator ()Ljava/util/Iterator; 0 0 1 0 -1
ciMethod java/util/AbstractSet <init> ()V 49 1 2899018 0 32
ciMethod java/lang/Math max (II)I 617 1 719828 0 -1
ciMethod java/util/Arrays copyOf ([Ljava/lang/Object;I)[Ljava/lang/Object; 2049 1 45854 0 384
ciMethod java/util/Arrays copyOf ([Ljava/lang/Object;ILjava/lang/Class;)[Ljava/lang/Object; 2057 1 6418 0 -1
ciMethod java/util/Arrays copyOfRange ([Ljava/lang/Object;IILjava/lang/Class;)[Ljava/lang/Object; 2113 1 9363 0 -1
ciMethod java/util/Iterator hasNext ()Z 0 0 1 0 -1
ciMethod java/util/Iterator next ()Ljava/lang/Object; 0 0 1 0 -1
ciMethodData java/lang/Object <init> ()V 2 40112118 orig 264 8 206 217 99 0 0 0 0 128 4 188 21 0 0 0 0 32 1 0 0 0 0 0 0 0 0 0 0 0 0 0 0 0 0 0 0 0 0 0 0 0 0 0 0 0 0 0 0 0 0 0 0 0 0 0 0 0 0 0 0 0 0 0 0 0 0 0 0 0 0 0 0 0 0 0 0 0 0 0 0 77 68 79 32 101 120 116 114 97 32 100 97 116 97 32 108 111 99 107 0 0 0 0 0 0 0 0 0 0 0 0 0 0 0 0 0 0 0 0 0 0 0 0 0 0 0 0 0 0 0 0 0 0 0 0 0 0 0 0 0 0 0 0 0 0 0 0 0 0 0 0 0 0 0 0 0 0 0 0 0 0 0 0 0 0 0 0 0 0 0 0 0 0 0 0 0 0 0 0 0 0 0 0 0 1 0 0 0 0 0 0 0 1 0 0 0 0 0 0 0 1 0 0 0 0 0 0 0 0 0 0 0 0 0 0 0 0 2 0 0 177 111 32 19 1 0 0 0 0 0 0 0 0 0 0 0 2 0 0 0 0 0 3 0 1 0 0 0 0 0 0 0 255 255 255 255 0 0 0 0 0 0 0 0 data 0 oops 0
ciMethod java/lang/reflect/Array newInstance (Ljava/lang/Class;I)Ljava/lang/Object; 825 1 16074 0 288
ciMethod java/lang/reflect/Array newArray (Ljava/lang/Class;I)Ljava/lang/Object; 3089 1 386 0 -1
ciMethodData java/lang/String hashCode ()I 2 21026 orig 264 8 206 217 99 0 0 0 0 0 80 188 21 0 0 0 0 152 1 0 0 32 0 0 0 0 0 0 0 0 0 0 0 0 0 0 0 0 0 0 0 0 0 0 0 0 0 0 0 0 0 0 0 0 0 0 0 0 0 0 0 0 0 0 0 0 0 0 0 0 0 0 0 0 0 0 0 0 0 0 0 77 68 79 32 101 120 116 114 97 32 100 97 116 97 32 108 111 99 107 0 0 0 0 0 0 0 0 0 0 0 0 0 0 0 0 0 0 0 0 0 0 0 0 0 0 0 0 0 0 0 0 0 0 0 0 0 0 0 0 0 0 0 0 0 0 0 0 0 0 0 0 0 0 0 0 0 0 0 0 0 0 0 0 0 0 0 0 0 0 0 0 0 0 0 0 0 0 0 0 0 0 0 0 0 1 0 0 0 0 0 0 0 0 0 0 0 0 0 0 0 1 0 0 0 0 0 0 0 0 0 0 0 0 0 0 0 0 16 0 0 41 20 0 0 17 17 2 0 0 0 0 0 0 0 0 0 2 0 0 0 1 0 11 0 2 0 0 0 120 0 0 0 255 255 255 255 7 0 6 0 0 0 0 0 data 15 0x60007 0xe7 0x78 0x19e 0xe0007 0x5 0x58 0x199 0x1e0007 0x199 0x38 0x4203 0x2d0003 0x4203 0xffffffffffffffe0 oops 0
ciMethodData java/util/AbstractSet <init> ()V 2 2899018 orig 264 8 206 217 99 0 0 0 0 200 189 201 21 0 0 0 0 48 1 0 0 0 0 0 0 0 0 0 0 0 0 0 0 0 0 0 0 0 0 0 0 0 0 0 0 0 0 0 0 0 0 0 0 0 0 0 0 0 0 0 0 0 0 0 0 0 0 0 0 0 0 0 0 0 0 0 0 0 0 0 0 77 68 79 32 101 120 116 114 97 32 100 97 116 97 32 108 111 99 107 0 0 0 0 0 0 0 0 0 0 0 0 0 0 0 0 0 0 0 0 0 0 0 0 0 0 0 0 0 0 0 0 0 0 0 0 0 0 0 0 0 0 0 0 0 0 0 0 0 0 0 0 0 0 0 0 0 0 0 0 0 0 0 0 0 0 0 0 0 0 0 0 0 0 0 0 0 0 0 0 0 0 0 0 0 1 0 0 0 0 0 0 0 0 0 0 0 0 0 0 0 1 0 0 0 0 0 0 0 0 0 0 0 0 0 0 0 6 0 0 0 33 226 97 1 1 0 0 0 0 0 0 0 0 0 0 0 2 0 0 0 0 0 3 0 2 0 0 0 16 0 0 0 255 255 255 255 2 0 1 0 0 0 0 0 data 2 0x10002 0x2c3d3f oops 0
ciMethodData java/util/AbstractCollection <init> ()V 2 9519936 orig 264 8 206 217 99 0 0 0 0 136 137 200 21 0 0 0 0 48 1 0 0 0 0 0 0 0 0 0 0 0 0 0 0 0 0 0 0 0 0 0 0 0 0 0 0 0 0 0 0 0 0 0 0 0 0 0 0 0 0 0 0 0 0 0 0 0 0 0 0 0 0 0 0 0 0 0 0 0 0 0 0 77 68 79 32 101 120 116 114 97 32 100 97 116 97 32 108 111 99 107 0 0 0 0 0 0 0 0 0 0 0 0 0 0 0 0 0 0 0 0 0 0 0 0 0 0 0 0 0 0 0 0 0 0 0 0 0 0 0 0 0 0 0 0 0 0 0 0 0 0 0 0 0 0 0 0 0 0 0 0 0 0 0 0 0 0 0 0 0 0 0 0 0 0 0 0 0 0 0 0 0 0 0 0 0 1 0 0 0 0 0 0 0 0 0 0 0 0 0 0 0 1 0 0 0 0 0 0 0 0 0 0 0 0 0 0 0 52 0 0 0 97 24 138 4 1 0 0 0 0 0 0 0 0 0 0 0 2 0 0 0 0 0 3 0 2 0 0 0 16 0 0 0 255 255 255 255 2 0 1 0 0 0 0 0 data 2 0x10002 0x915e96 oops 0
ciMethodData java/lang/reflect/Array newInstance (Ljava/lang/Class;I)Ljava/lang/Object; 2 16074 orig 264 8 206 217 99 0 0 0 0 64 87 213 21 0 0 0 0 96 1 0 0 0 0 0 0 0 0 0 0 0 0 0 0 0 0 0 0 0 0 0 0 0 0 0 0 0 0 0 0 0 0 0 0 0 0 0 0 0 0 0 0 0 0 0 0 0 0 0 0 0 0 0 0 0 0 0 0 0 0 0 0 77 68 79 32 101 120 116 114 97 32 100 97 116 97 32 108 111 99 107 0 0 0 0 0 0 0 0 0 0 0 0 0 0 0 0 0 0 0 0 0 0 0 0 0 0 0 0 0 0 0 0 0 0 0 0 0 0 0 0 0 0 0 0 0 1 0 0 0 0 0 0 0 0 0 0 0 0 0 0 0 0 0 0 0 4 0 0 0 0 0 0 0 0 0 0 0 0 0 0 0 0 0 0 0 0 0 0 0 0 0 0 0 0 0 0 0 0 0 0 0 0 0 0 0 0 0 0 0 0 0 0 0 0 0 0 0 103 0 0 0 25 243 1 0 1 0 0 0 0 0 0 0 0 0 0 0 2 0 0 0 0 0 3 0 2 0 0 0 16 0 0 0 255 255 255 255 2 192 2 0 0 0 0 0 data 2 0x2c002 0x3e66 oops 0
ciMethod java/util/NavigableMap navigableKeySet ()Ljava/util/NavigableSet; 0 0 1 0 -1
ciMethod java/util/TreeMap getCeilingEntry (Ljava/lang/Object;)Ljava/util/TreeMap$Entry; 2537 1 317 0 -1
ciMethod java/util/TreeMap getFloorEntry (Ljava/lang/Object;)Ljava/util/TreeMap$Entry; 3073 16665 4576 0 -1
ciMethod java/util/TreeMap getHigherEntry (Ljava/lang/Object;)Ljava/util/TreeMap$Entry; 0 0 1 0 -1
ciMethod java/util/TreeMap getLowerEntry (Ljava/lang/Object;)Ljava/util/TreeMap$Entry; 4209 34489 634 0 -1
ciMethod java/util/TreeMap navigableKeySet ()Ljava/util/NavigableSet; 2145 1 38157 0 192
ciMethod java/util/TreeMap keyIterator ()Ljava/util/Iterator; 3065 1 6967 0 0
ciMethod java/util/TreeMap compare (Ljava/lang/Object;Ljava/lang/Object;)I 201 1 39865 0 -1
ciMethod java/util/TreeMap getFirstEntry ()Ljava/util/TreeMap$Entry; 2113 17033 8914 0 0
ciMethod java/util/TreeMap getLastEntry ()Ljava/util/TreeMap$Entry; 3169 152265 14966 0 -1
ciMethod java/util/TreeMap successor (Ljava/util/TreeMap$Entry;)Ljava/util/TreeMap$Entry; 3073 2073 6738 0 160
ciMethod java/util/TreeMap access$100 (Ljava/util/TreeMap;)I 1089 1 136 0 0
ciMethod java/util/TreeMap access$200 ()Ljava/lang/Object; 4097 1 886 0 0
ciMethod com/google/common/collect/ImmutableList iterator ()Lcom/google/common/collect/UnmodifiableIterator; 2169 1 88421 0 320
ciMethod com/google/common/collect/ImmutableList listIterator ()Lcom/google/common/collect/UnmodifiableListIterator; 2169 1 88441 0 0
ciMethod com/google/common/collect/ImmutableList listIterator (I)Lcom/google/common/collect/UnmodifiableListIterator; 2169 1 6001 0 480
ciMethod com/google/common/collect/ImmutableList copyIntoArray ([Ljava/lang/Object;I)I 0 0 1 0 -1
ciMethod com/google/common/collect/ImmutableCollection toArray ([Ljava/lang/Object;)[Ljava/lang/Object; 129 1 51329 0 1184
ciMethod com/google/common/collect/ImmutableCollection internalArray ()[Ljava/lang/Object; 1393 1 174 0 -1
ciMethod com/google/common/collect/ImmutableCollection internalArrayStart ()I 0 0 1 0 -1
ciMethod com/google/common/collect/ImmutableCollection internalArrayEnd ()I 0 0 1 0 -1
ciMethod com/google/common/collect/ImmutableCollection isPartialView ()Z 0 0 1 0 -1
ciMethod com/google/common/collect/ImmutableCollection copyIntoArray ([Ljava/lang/Object;I)I 0 0 1 0 -1
ciMethod com/google/common/collect/ImmutableList get (I)Ljava/lang/Object; 0 0 1 0 -1
ciMethodData java/util/Arrays copyOf ([Ljava/lang/Object;I)[Ljava/lang/Object; 2 45854 orig 264 8 206 217 99 0 0 0 0 152 171 205 21 0 0 0 0 192 1 0 0 0 0 0 0 0 0 0 0 0 0 0 0 0 0 0 0 0 0 0 0 0 0 0 0 0 0 0 0 0 0 0 0 0 0 0 0 0 0 0 0 0 0 0 0 0 0 0 0 0 0 0 0 0 0 0 0 0 0 0 0 77 68 79 32 101 120 116 114 97 32 100 97 116 97 32 108 111 99 107 0 0 0 0 0 0 0 0 0 0 0 0 0 0 0 0 0 0 0 0 0 0 0 0 0 0 0 0 0 0 0 0 0 0 0 0 0 0 0 0 0 0 0 0 0 0 0 0 0 0 0 0 0 0 0 0 0 0 0 0 0 0 0 0 0 0 0 0 0 0 0 0 0 0 0 0 0 0 0 0 0 0 0 0 0 17 0 0 0 0 0 0 0 0 0 0 0 0 0 0 0 0 0 0 0 0 0 0 0 0 0 0 0 0 0 0 0 0 1 0 0 241 144 5 0 1 0 0 0 0 0 0 0 0 0 0 0 2 0 0 0 0 0 3 0 2 0 0 0 112 0 0 0 255 255 255 255 5 0 3 0 0 0 0 0 data 14 0x30005 0x21d7 0x18b61230 0x8f92 0x1f2f4bf0 0xb3 0x60002 0xb21e 0x90004 0x0 0x0 0x0 0x0 0x0 oops 2